test 1: 150
test 2: -4
test 3: 10
test 4: 16
test 5: 220
test 6: 5
test 7: 6
test 8: 10
test 9: 5
test 10: -39
test 11: error: use before declaring
test 12: error: use before declaring
test 13: error: use before assigning 
test 14: error: redefinition of variable
test 15: true
test 16: 100
test 17: false
test 18: true
test 19: 128
test 20: 13 (12?)

